<?xml version="1.0" encoding="UTF-8" standalone="no"?>
<testsuite errors="0" failures="1" name="io.cucumber.core.plugin.JUnitFormatter" skipped="0" tests="3" time="97.128">
    <testcase classname="US1002_Amazon Arama Testi" name="TC02 Kullanici Amazonda Nutella aramasi yapar" time="41.724">
        <system-out>
            <![CDATA[Given Kullanici amazon anasayfaya gider.....................................passed
Then Arama cubuguna Nutella yazip aratir....................................passed
And Arama sonuclarinin Nutella icerdigini test eder.........................passed
And Sayfayi kapatir.........................................................passed
]]>
        </system-out>
    </testcase>
    <testcase classname="US1002_Amazon Arama Testi" name="TC03 Kullanici Amazonda Java aramasi yapar" time="32.491">
        <system-out>
            <![CDATA[Given Kullanici amazon anasayfaya gider.....................................passed
Then Arama cubuguna Java yazip aratir.......................................passed
And Arama sonuclarinin Java icerdigini test eder............................passed
And Sayfayi kapatir.........................................................passed
]]>
        </system-out>
    </testcase>
    <testcase classname="US1002_Amazon Arama Testi" name="TC04 Kullanici Amazonda Java aramasi yapar" time="21.67">
        <failure message="" type="java.lang.AssertionError">
            <![CDATA[Given Kullanici amazon anasayfaya gider.....................................passed
Then Arama cubuguna Apple yazip aratir......................................passed
And Arama sonuclarinin Apple icerdigini test eder...........................failed
And Sayfayi kapatir.........................................................skipped

StackTrace:
java.lang.AssertionError
	at org.junit.Assert.fail(Assert.java:87)
	at org.junit.Assert.assertTrue(Assert.java:42)
	at org.junit.Assert.assertTrue(Assert.java:53)
	at stepdefinitions.AmazonStepDefinitions.arama_sonuclarinin_apple_icerdigini_test_eder(AmazonStepDefinitions.java:44)
	at âœ½.Arama sonuclarinin Apple icerdigini test eder(file:///C:/Users/HP/Desktop/com.CucumberFall2022/src/test/resources/features/US1002_AmazonAramaTesti.feature:22)
]]>
        </failure>
    </testcase>
</testsuite>
